2025-07-21 08:43:59,074 [INFO] - 定时任务脚本已启动。
2025-07-21 08:43:59,074 [INFO] - 将要执行的用户配置: ['config.yaml']
2025-07-21 08:43:59,074 [INFO] - 为了方便测试，将立即执行一次任务。
2025-07-21 08:43:59,074 [INFO] - ====== 开始执行新一轮的定时投递任务 (2025-07-21 08:43:59) ======
2025-07-21 08:43:59,074 [INFO] - --- 开始为用户 (配置: config.yaml) 执行投递任务 ---
2025-07-21 08:46:52,073 [INFO] - Traceback (most recent call last):
2025-07-21 08:46:52,077 [INFO] - File "/home/lian/foreign/webs/EasyApplyBot/linkedineasyapply.py", line 613, in start_applying
2025-07-21 08:46:52,077 [INFO] - self.apply_jobs(location, current_position_config=position_config)
2025-07-21 08:46:52,077 [INFO] - ~~~~~~~~~~~~~~~^^^^^^^^^^^^^^^^^^^^^^^^^^^^^^^^^^^^^^^^^^^^^^^^^^^
2025-07-21 08:46:52,077 [INFO] - File "/home/lian/foreign/webs/EasyApplyBot/linkedineasyapply.py", line 735, in apply_jobs
2025-07-21 08:46:52,077 [INFO] - job_results_header = self.browser.find_element(By.CLASS_NAME, "jobs-search-results-list__text")
2025-07-21 08:46:52,077 [INFO] - File "/home/lian/foreign/webs/EasyApplyBot/venv/lib/python3.13/site-packages/selenium/webdriver/remote/webdriver.py", line 898, in find_element
2025-07-21 08:46:52,078 [INFO] - return self.execute(Command.FIND_ELEMENT, {"using": by, "value": value})["value"]
2025-07-21 08:46:52,078 [INFO] - ~~~~~~~~~~~~^^^^^^^^^^^^^^^^^^^^^^^^^^^^^^^^^^^^^^^^^^^^^^^^^^^^^
2025-07-21 08:46:52,078 [INFO] - File "/home/lian/foreign/webs/EasyApplyBot/venv/lib/python3.13/site-packages/selenium/webdriver/remote/webdriver.py", line 429, in execute
2025-07-21 08:46:52,078 [INFO] - self.error_handler.check_response(response)
2025-07-21 08:46:52,078 [INFO] - ~~~~~~~~~~~~~~~~~~~~~~~~~~~~~~~~~^^^^^^^^^^
2025-07-21 08:46:52,078 [INFO] - File "/home/lian/foreign/webs/EasyApplyBot/venv/lib/python3.13/site-packages/selenium/webdriver/remote/errorhandler.py", line 232, in check_response
2025-07-21 08:46:52,078 [INFO] - raise exception_class(message, screen, stacktrace)
2025-07-21 08:46:52,078 [INFO] - selenium.common.exceptions.NoSuchElementException: Message: no such element: Unable to locate element: {"method":"css selector","selector":".jobs-search-results-list__text"}
2025-07-21 08:46:52,078 [INFO] - (Session info: chrome=138.0.7204.100); For documentation on this error, please visit: https://www.selenium.dev/documentation/webdriver/troubleshooting/errors#no-such-element-exception
2025-07-21 08:46:52,078 [INFO] - Stacktrace:
2025-07-21 08:46:52,078 [INFO] - #0 0x561b344b27da <unknown>
2025-07-21 08:46:52,078 [INFO] - #1 0x561b33f572e0 <unknown>
2025-07-21 08:46:52,078 [INFO] - #2 0x561b33fa8e00 <unknown>
2025-07-21 08:46:52,079 [INFO] - #3 0x561b33fa8ff1 <unknown>
2025-07-21 08:46:52,079 [INFO] - #4 0x561b33ff7324 <unknown>
2025-07-21 08:46:52,079 [INFO] - #5 0x561b33fce8dd <unknown>
2025-07-21 08:46:52,079 [INFO] - #6 0x561b33ff471c <unknown>
2025-07-21 08:46:52,079 [INFO] - #7 0x561b33fce683 <unknown>
2025-07-21 08:46:52,079 [INFO] - #8 0x561b33f9ab5b <unknown>
2025-07-21 08:46:52,079 [INFO] - #9 0x561b33f9bf31 <unknown>
2025-07-21 08:46:52,079 [INFO] - #10 0x561b3447772b <unknown>
2025-07-21 08:46:52,079 [INFO] - #11 0x561b3447b534 <unknown>
2025-07-21 08:46:52,079 [INFO] - #12 0x561b3445e229 <unknown>
2025-07-21 08:46:52,079 [INFO] - #13 0x561b3447c0d8 <unknown>
2025-07-21 08:46:52,079 [INFO] - #14 0x561b3444261f <unknown>
2025-07-21 08:46:52,079 [INFO] - #15 0x561b3449fdd8 <unknown>
2025-07-21 08:46:52,079 [INFO] - #16 0x561b3449ffb6 <unknown>
2025-07-21 08:46:52,079 [INFO] - #17 0x561b344b1af6 <unknown>
2025-07-21 08:46:52,080 [INFO] - #18 0x7f5dc80e07eb <unknown>
2025-07-21 08:46:52,080 [INFO] - #19 0x7f5dc816418c <unknown>
2025-07-21 08:46:52,080 [INFO] - 
2025-07-21 08:47:02,644 [INFO] - Traceback (most recent call last):
2025-07-21 08:47:02,659 [INFO] - File "/home/lian/foreign/webs/EasyApplyBot/linkedineasyapply.py", line 613, in start_applying
2025-07-21 08:47:02,659 [INFO] - self.apply_jobs(location, current_position_config=position_config)
2025-07-21 08:47:02,659 [INFO] - ~~~~~~~~~~~~~~~^^^^^^^^^^^^^^^^^^^^^^^^^^^^^^^^^^^^^^^^^^^^^^^^^^^
2025-07-21 08:47:02,660 [INFO] - File "/home/lian/foreign/webs/EasyApplyBot/linkedineasyapply.py", line 735, in apply_jobs
2025-07-21 08:47:02,660 [INFO] - job_results_header = self.browser.find_element(By.CLASS_NAME, "jobs-search-results-list__text")
2025-07-21 08:47:02,660 [INFO] - File "/home/lian/foreign/webs/EasyApplyBot/venv/lib/python3.13/site-packages/selenium/webdriver/remote/webdriver.py", line 898, in find_element
2025-07-21 08:47:02,660 [INFO] - return self.execute(Command.FIND_ELEMENT, {"using": by, "value": value})["value"]
2025-07-21 08:47:02,661 [INFO] - ~~~~~~~~~~~~^^^^^^^^^^^^^^^^^^^^^^^^^^^^^^^^^^^^^^^^^^^^^^^^^^^^^
2025-07-21 08:47:02,661 [INFO] - File "/home/lian/foreign/webs/EasyApplyBot/venv/lib/python3.13/site-packages/selenium/webdriver/remote/webdriver.py", line 429, in execute
2025-07-21 08:47:02,661 [INFO] - self.error_handler.check_response(response)
2025-07-21 08:47:02,661 [INFO] - ~~~~~~~~~~~~~~~~~~~~~~~~~~~~~~~~~^^^^^^^^^^
2025-07-21 08:47:02,661 [INFO] - File "/home/lian/foreign/webs/EasyApplyBot/venv/lib/python3.13/site-packages/selenium/webdriver/remote/errorhandler.py", line 232, in check_response
2025-07-21 08:47:02,661 [INFO] - raise exception_class(message, screen, stacktrace)
2025-07-21 08:47:02,661 [INFO] - selenium.common.exceptions.NoSuchElementException: Message: no such element: Unable to locate element: {"method":"css selector","selector":".jobs-search-results-list__text"}
2025-07-21 08:47:02,661 [INFO] - (Session info: chrome=138.0.7204.100); For documentation on this error, please visit: https://www.selenium.dev/documentation/webdriver/troubleshooting/errors#no-such-element-exception
2025-07-21 08:47:02,662 [INFO] - Stacktrace:
2025-07-21 08:47:02,662 [INFO] - #0 0x561b344b27da <unknown>
2025-07-21 08:47:02,662 [INFO] - #1 0x561b33f572e0 <unknown>
2025-07-21 08:47:02,662 [INFO] - #2 0x561b33fa8e00 <unknown>
2025-07-21 08:47:02,662 [INFO] - #3 0x561b33fa8ff1 <unknown>
2025-07-21 08:47:02,662 [INFO] - #4 0x561b33ff7324 <unknown>
2025-07-21 08:47:02,663 [INFO] - #5 0x561b33fce8dd <unknown>
2025-07-21 08:47:02,663 [INFO] - #6 0x561b33ff471c <unknown>
2025-07-21 08:47:02,663 [INFO] - #7 0x561b33fce683 <unknown>
2025-07-21 08:47:02,663 [INFO] - #8 0x561b33f9ab5b <unknown>
2025-07-21 08:47:02,663 [INFO] - #9 0x561b33f9bf31 <unknown>
2025-07-21 08:47:02,663 [INFO] - #10 0x561b3447772b <unknown>
2025-07-21 08:47:02,663 [INFO] - #11 0x561b3447b534 <unknown>
2025-07-21 08:47:02,663 [INFO] - #12 0x561b3445e229 <unknown>
2025-07-21 08:47:02,664 [INFO] - #13 0x561b3447c0d8 <unknown>
2025-07-21 08:47:02,664 [INFO] - #14 0x561b3444261f <unknown>
2025-07-21 08:47:02,664 [INFO] - #15 0x561b3449fdd8 <unknown>
2025-07-21 08:47:02,664 [INFO] - #16 0x561b3449ffb6 <unknown>
2025-07-21 08:47:02,664 [INFO] - #17 0x561b344b1af6 <unknown>
2025-07-21 08:47:02,664 [INFO] - #18 0x7f5dc80e07eb <unknown>
2025-07-21 08:47:02,664 [INFO] - #19 0x7f5dc816418c <unknown>
2025-07-21 08:47:02,664 [INFO] - 
2025-07-21 08:47:05,451 [INFO] - --- 用户 (配置: config.yaml) 的任务执行结束 ---
2025-07-21 08:54:39,068 [INFO] - 定时任务脚本已启动。
2025-07-21 08:54:39,069 [INFO] - 将要执行的用户配置: ['config.yaml']
2025-07-21 08:54:39,069 [INFO] - 为了方便测试，将立即执行一次任务。
2025-07-21 08:54:39,069 [INFO] - ====== 开始执行新一轮的定时投递任务 (2025-07-21 08:54:39) ======
2025-07-21 08:54:39,069 [INFO] - --- 开始为用户 (配置: config.yaml) 执行投递任务 ---
2025-07-21 08:54:41,302 [INFO] - Chrome User Data Directory: /home/lian/foreign/webs/EasyApplyBot/chrome_bot
2025-07-21 08:54:41,302 [INFO] - 
2025-07-21 08:54:41,302 [INFO] - Step 1: Attempting to use System Chrome with version-matched ChromeDriver...
2025-07-21 08:54:41,302 [INFO] - Found system Chrome via shutil.which: /usr/bin/google-chrome
2025-07-21 08:54:41,302 [INFO] - Using System Chrome binary: /usr/bin/google-chrome
2025-07-21 08:54:41,303 [INFO] - CMD: Attempting to get Chrome version with command: /usr/bin/google-chrome --version
2025-07-21 08:54:41,362 [INFO] - CMD: Raw stdout: b'Google Chrome 138.0.7204.100 \n'
2025-07-21 08:54:41,362 [INFO] - CMD: Decoded output ('stdout, utf-8'): 'Google Chrome 138.0.7204.100'
2025-07-21 08:54:41,362 [INFO] - Detected System Chrome version: 138.0.7204.100. Attempting to get matching ChromeDriver via webdriver-manager.
2025-07-21 08:54:41,541 [INFO] - webdriver-manager: ChromeDriver for version 138.0.7204.100 installed at: /home/lian/.wdm/drivers/chromedriver/linux64/138.0.7204.100/chromedriver-linux64/chromedriver
2025-07-21 08:54:41,541 [INFO] - 
2025-07-21 08:54:41,542 [INFO] - Finalizing WebDriver Initialization...
2025-07-21 08:54:41,542 [INFO] - Effective Chrome Binary: /usr/bin/google-chrome
2025-07-21 08:54:41,542 [INFO] - Using ChromeDriver: /home/lian/.wdm/drivers/chromedriver/linux64/138.0.7204.100/chromedriver-linux64/chromedriver
2025-07-21 08:54:43,927 [INFO] - WebDriver initialized successfully!
2025-07-21 08:54:43,929 [INFO] - Using cloud AI services
2025-07-21 08:54:43,934 [INFO] - Successfully loaded 7 applied job records
2025-07-21 08:54:43,934 [INFO] - Duplicate application prevention enabled, currently tracking 7 applied jobs
2025-07-21 08:54:43,934 [INFO] - Configured to start from page 2
2025-07-21 08:54:43,934 [INFO] - Attempting to restore previous session...
2025-07-21 08:54:46,952 [INFO] - Feed page not loaded, proceeding to login.
2025-07-21 08:54:57,743 [INFO] - Timeout occurred, checking for security challenges...
2025-07-21 08:54:57,775 [INFO] - Detected 'positionsWithCount' configuration. Engaging new application logic...
2025-07-21 08:54:57,775 [INFO] - Processing position: 'Engineer' (Applied: 0, Limit: 2)
2025-07-21 08:55:00,644 [INFO] - An exception occurred while searching for location
2025-07-21 08:55:00,644 [INFO] - Searching for position 'Engineer' in 'United States' starting from page 2.
2025-07-21 08:55:00,644 [INFO] - Position 'Engineer' @ 'United States': Going to job page 1
2025-07-21 08:55:04,615 [INFO] - Starting the application process for this page...
2025-07-21 08:55:08,197 [INFO] - Error processing position 'Engineer' in 'United States': Message: no such element: Unable to locate element: {"method":"css selector","selector":".jobs-search-results-list__text"}
2025-07-21 08:55:08,198 [INFO] - (Session info: chrome=138.0.7204.100); For documentation on this error, please visit: https://www.selenium.dev/documentation/webdriver/troubleshooting/errors#no-such-element-exception
2025-07-21 08:55:08,198 [INFO] - Stacktrace:
2025-07-21 08:55:08,198 [INFO] - #0 0x5595d8ca77da <unknown>
2025-07-21 08:55:08,198 [INFO] - #1 0x5595d874c2e0 <unknown>
2025-07-21 08:55:08,198 [INFO] - #2 0x5595d879de00 <unknown>
2025-07-21 08:55:08,198 [INFO] - #3 0x5595d879dff1 <unknown>
2025-07-21 08:55:08,198 [INFO] - #4 0x5595d87ec324 <unknown>
2025-07-21 08:55:08,198 [INFO] - #5 0x5595d87c38dd <unknown>
2025-07-21 08:55:08,198 [INFO] - #6 0x5595d87e971c <unknown>
2025-07-21 08:55:08,199 [INFO] - #7 0x5595d87c3683 <unknown>
2025-07-21 08:55:08,199 [INFO] - #8 0x5595d878fb5b <unknown>
2025-07-21 08:55:08,199 [INFO] - #9 0x5595d8790f31 <unknown>
2025-07-21 08:55:08,199 [INFO] - #10 0x5595d8c6c72b <unknown>
2025-07-21 08:55:08,199 [INFO] - #11 0x5595d8c70534 <unknown>
2025-07-21 08:55:08,199 [INFO] - #12 0x5595d8c53229 <unknown>
2025-07-21 08:55:08,199 [INFO] - #13 0x5595d8c710d8 <unknown>
2025-07-21 08:55:08,199 [INFO] - #14 0x5595d8c3761f <unknown>
2025-07-21 08:55:08,199 [INFO] - #15 0x5595d8c94dd8 <unknown>
2025-07-21 08:55:08,200 [INFO] - #16 0x5595d8c94fb6 <unknown>
2025-07-21 08:55:08,200 [INFO] - #17 0x5595d8ca6af6 <unknown>
2025-07-21 08:55:08,200 [INFO] - #18 0x7fad658f27eb <unknown>
2025-07-21 08:55:08,200 [INFO] - #19 0x7fad6597618c <unknown>
2025-07-21 08:55:08,200 [INFO] - 
2025-07-21 08:55:08,200 [INFO] - Traceback (most recent call last):
2025-07-21 08:55:08,201 [INFO] - File "/home/lian/foreign/webs/EasyApplyBot/linkedineasyapply.py", line 613, in start_applying
2025-07-21 08:55:08,201 [INFO] - self.apply_jobs(location, current_position_config=position_config)
2025-07-21 08:55:08,201 [INFO] - ~~~~~~~~~~~~~~~^^^^^^^^^^^^^^^^^^^^^^^^^^^^^^^^^^^^^^^^^^^^^^^^^^^
2025-07-21 08:55:08,201 [INFO] - File "/home/lian/foreign/webs/EasyApplyBot/linkedineasyapply.py", line 735, in apply_jobs
2025-07-21 08:55:08,201 [INFO] - job_results_header = self.browser.find_element(By.CLASS_NAME, "jobs-search-results-list__text")
2025-07-21 08:55:08,201 [INFO] - File "/home/lian/foreign/webs/EasyApplyBot/venv/lib/python3.13/site-packages/selenium/webdriver/remote/webdriver.py", line 898, in find_element
2025-07-21 08:55:08,202 [INFO] - return self.execute(Command.FIND_ELEMENT, {"using": by, "value": value})["value"]
2025-07-21 08:55:08,202 [INFO] - ~~~~~~~~~~~~^^^^^^^^^^^^^^^^^^^^^^^^^^^^^^^^^^^^^^^^^^^^^^^^^^^^^
2025-07-21 08:55:08,202 [INFO] - File "/home/lian/foreign/webs/EasyApplyBot/venv/lib/python3.13/site-packages/selenium/webdriver/remote/webdriver.py", line 429, in execute
2025-07-21 08:55:08,202 [INFO] - self.error_handler.check_response(response)
2025-07-21 08:55:08,202 [INFO] - ~~~~~~~~~~~~~~~~~~~~~~~~~~~~~~~~~^^^^^^^^^^
2025-07-21 08:55:08,202 [INFO] - File "/home/lian/foreign/webs/EasyApplyBot/venv/lib/python3.13/site-packages/selenium/webdriver/remote/errorhandler.py", line 232, in check_response
2025-07-21 08:55:08,202 [INFO] - raise exception_class(message, screen, stacktrace)
2025-07-21 08:55:08,202 [INFO] - selenium.common.exceptions.NoSuchElementException: Message: no such element: Unable to locate element: {"method":"css selector","selector":".jobs-search-results-list__text"}
2025-07-21 08:55:08,203 [INFO] - (Session info: chrome=138.0.7204.100); For documentation on this error, please visit: https://www.selenium.dev/documentation/webdriver/troubleshooting/errors#no-such-element-exception
2025-07-21 08:55:08,203 [INFO] - Stacktrace:
2025-07-21 08:55:08,203 [INFO] - #0 0x5595d8ca77da <unknown>
2025-07-21 08:55:08,203 [INFO] - #1 0x5595d874c2e0 <unknown>
2025-07-21 08:55:08,203 [INFO] - #2 0x5595d879de00 <unknown>
2025-07-21 08:55:08,203 [INFO] - #3 0x5595d879dff1 <unknown>
2025-07-21 08:55:08,203 [INFO] - #4 0x5595d87ec324 <unknown>
2025-07-21 08:55:08,203 [INFO] - #5 0x5595d87c38dd <unknown>
2025-07-21 08:55:08,203 [INFO] - #6 0x5595d87e971c <unknown>
2025-07-21 08:55:08,204 [INFO] - #7 0x5595d87c3683 <unknown>
2025-07-21 08:55:08,204 [INFO] - #8 0x5595d878fb5b <unknown>
2025-07-21 08:55:08,204 [INFO] - #9 0x5595d8790f31 <unknown>
2025-07-21 08:55:08,204 [INFO] - #10 0x5595d8c6c72b <unknown>
2025-07-21 08:55:08,204 [INFO] - #11 0x5595d8c70534 <unknown>
2025-07-21 08:55:08,204 [INFO] - #12 0x5595d8c53229 <unknown>
2025-07-21 08:55:08,204 [INFO] - #13 0x5595d8c710d8 <unknown>
2025-07-21 08:55:08,204 [INFO] - #14 0x5595d8c3761f <unknown>
2025-07-21 08:55:08,204 [INFO] - #15 0x5595d8c94dd8 <unknown>
2025-07-21 08:55:08,204 [INFO] - #16 0x5595d8c94fb6 <unknown>
2025-07-21 08:55:08,205 [INFO] - #17 0x5595d8ca6af6 <unknown>
2025-07-21 08:55:08,205 [INFO] - #18 0x7fad658f27eb <unknown>
2025-07-21 08:55:08,205 [INFO] - #19 0x7fad6597618c <unknown>
2025-07-21 08:55:08,205 [INFO] - 
2025-07-21 08:55:10,337 [INFO] - An exception occurred while searching for location
2025-07-21 08:55:10,337 [INFO] - Searching for position 'Engineer' in 'San Francisco' starting from page 2.
2025-07-21 08:55:10,338 [INFO] - Position 'Engineer' @ 'San Francisco': Going to job page 1
2025-07-21 08:55:13,903 [INFO] - Starting the application process for this page...
2025-07-21 08:55:17,404 [INFO] - Error processing position 'Engineer' in 'San Francisco': Message: invalid session id
2025-07-21 08:55:17,404 [INFO] - Stacktrace:
2025-07-21 08:55:17,404 [INFO] - #0 0x5595d8ca77da <unknown>
2025-07-21 08:55:17,404 [INFO] - #1 0x5595d874c133 <unknown>
2025-07-21 08:55:17,404 [INFO] - #2 0x5595d878f48f <unknown>
2025-07-21 08:55:17,405 [INFO] - #3 0x5595d87c37b6 <unknown>
2025-07-21 08:55:17,405 [INFO] - #4 0x5595d87be2c6 <unknown>
2025-07-21 08:55:17,405 [INFO] - #5 0x5595d87bd405 <unknown>
2025-07-21 08:55:17,405 [INFO] - #6 0x5595d87141a8 <unknown>
2025-07-21 08:55:17,405 [INFO] - #7 0x5595d8c6c72b <unknown>
2025-07-21 08:55:17,405 [INFO] - #8 0x5595d8c70534 <unknown>
2025-07-21 08:55:17,406 [INFO] - #9 0x5595d8c53229 <unknown>
2025-07-21 08:55:17,406 [INFO] - #10 0x5595d8c710d8 <unknown>
2025-07-21 08:55:17,406 [INFO] - #11 0x5595d8c3761f <unknown>
2025-07-21 08:55:17,406 [INFO] - #12 0x5595d8711fb2 <unknown>
2025-07-21 08:55:17,406 [INFO] - #13 0x7fad658846b5 <unknown>
2025-07-21 08:55:17,406 [INFO] - #14 0x7fad65884769 __libc_start_main
2025-07-21 08:55:17,407 [INFO] - #15 0x5595d86d98ea _start
2025-07-21 08:55:17,407 [INFO] - 
2025-07-21 08:55:17,407 [INFO] - Traceback (most recent call last):
2025-07-21 08:55:17,407 [INFO] - File "/home/lian/foreign/webs/EasyApplyBot/linkedineasyapply.py", line 613, in start_applying
2025-07-21 08:55:17,407 [INFO] - self.apply_jobs(location, current_position_config=position_config)
2025-07-21 08:55:17,407 [INFO] - ~~~~~~~~~~~~~~~^^^^^^^^^^^^^^^^^^^^^^^^^^^^^^^^^^^^^^^^^^^^^^^^^^^
2025-07-21 08:55:17,408 [INFO] - File "/home/lian/foreign/webs/EasyApplyBot/linkedineasyapply.py", line 730, in apply_jobs
2025-07-21 08:55:17,408 [INFO] - if 'unfortunately, things are' in self.browser.page_source.lower():
2025-07-21 08:55:17,408 [INFO] - ^^^^^^^^^^^^^^^^^^^^^^^^
2025-07-21 08:55:17,408 [INFO] - File "/home/lian/foreign/webs/EasyApplyBot/venv/lib/python3.13/site-packages/selenium/webdriver/remote/webdriver.py", line 570, in page_source
2025-07-21 08:55:17,408 [INFO] - return self.execute(Command.GET_PAGE_SOURCE)["value"]
2025-07-21 08:55:17,408 [INFO] - ~~~~~~~~~~~~^^^^^^^^^^^^^^^^^^^^^^^^^
2025-07-21 08:55:17,408 [INFO] - File "/home/lian/foreign/webs/EasyApplyBot/venv/lib/python3.13/site-packages/selenium/webdriver/remote/webdriver.py", line 429, in execute
2025-07-21 08:55:17,408 [INFO] - self.error_handler.check_response(response)
2025-07-21 08:55:17,409 [INFO] - ~~~~~~~~~~~~~~~~~~~~~~~~~~~~~~~~~^^^^^^^^^^
2025-07-21 08:55:17,409 [INFO] - File "/home/lian/foreign/webs/EasyApplyBot/venv/lib/python3.13/site-packages/selenium/webdriver/remote/errorhandler.py", line 232, in check_response
2025-07-21 08:55:17,409 [INFO] - raise exception_class(message, screen, stacktrace)
2025-07-21 08:55:17,409 [INFO] - selenium.common.exceptions.InvalidSessionIdException: Message: invalid session id
2025-07-21 08:55:17,409 [INFO] - Stacktrace:
2025-07-21 08:55:17,409 [INFO] - #0 0x5595d8ca77da <unknown>
2025-07-21 08:55:17,409 [INFO] - #1 0x5595d874c133 <unknown>
2025-07-21 08:55:17,409 [INFO] - #2 0x5595d878f48f <unknown>
2025-07-21 08:55:17,409 [INFO] - #3 0x5595d87c37b6 <unknown>
2025-07-21 08:55:17,410 [INFO] - #4 0x5595d87be2c6 <unknown>
2025-07-21 08:55:17,410 [INFO] - #5 0x5595d87bd405 <unknown>
2025-07-21 08:55:17,410 [INFO] - #6 0x5595d87141a8 <unknown>
2025-07-21 08:55:17,410 [INFO] - #7 0x5595d8c6c72b <unknown>
2025-07-21 08:55:17,410 [INFO] - #8 0x5595d8c70534 <unknown>
2025-07-21 08:55:17,410 [INFO] - #9 0x5595d8c53229 <unknown>
2025-07-21 08:55:17,410 [INFO] - #10 0x5595d8c710d8 <unknown>
2025-07-21 08:55:17,410 [INFO] - #11 0x5595d8c3761f <unknown>
2025-07-21 08:55:17,411 [INFO] - #12 0x5595d8711fb2 <unknown>
2025-07-21 08:55:17,411 [INFO] - #13 0x7fad658846b5 <unknown>
2025-07-21 08:55:17,411 [INFO] - #14 0x7fad65884769 __libc_start_main
2025-07-21 08:55:17,411 [INFO] - #15 0x5595d86d98ea _start
2025-07-21 08:55:17,411 [INFO] - 
2025-07-21 08:55:17,411 [INFO] - Processing position: 'Full stack engineer' (Applied: 0, Limit: 5)
2025-07-21 08:55:17,417 [INFO] - An exception occurred while searching for location
2025-07-21 08:55:17,417 [INFO] - Searching for position 'Full stack engineer' in 'United States' starting from page 2.
2025-07-21 08:55:17,418 [INFO] - Position 'Full stack engineer' @ 'United States': Going to job page 1
2025-07-21 08:55:17,428 [INFO] - Error processing position 'Full stack engineer' in 'United States': Message: invalid session id
2025-07-21 08:55:17,429 [INFO] - Stacktrace:
2025-07-21 08:55:17,429 [INFO] - #0 0x5595d8ca77da <unknown>
2025-07-21 08:55:17,429 [INFO] - #1 0x5595d874c133 <unknown>
2025-07-21 08:55:17,429 [INFO] - #2 0x5595d878f48f <unknown>
2025-07-21 08:55:17,429 [INFO] - #3 0x5595d87c37b6 <unknown>
2025-07-21 08:55:17,429 [INFO] - #4 0x5595d87be2c6 <unknown>
2025-07-21 08:55:17,430 [INFO] - #5 0x5595d87bd405 <unknown>
2025-07-21 08:55:17,430 [INFO] - #6 0x5595d87141a8 <unknown>
2025-07-21 08:55:17,430 [INFO] - #7 0x5595d8c6c72b <unknown>
2025-07-21 08:55:17,430 [INFO] - #8 0x5595d8c70534 <unknown>
2025-07-21 08:55:17,430 [INFO] - #9 0x5595d8c53229 <unknown>
2025-07-21 08:55:17,430 [INFO] - #10 0x5595d8c710d8 <unknown>
2025-07-21 08:55:17,430 [INFO] - #11 0x5595d8c3761f <unknown>
2025-07-21 08:55:17,431 [INFO] - #12 0x5595d8711fb2 <unknown>
2025-07-21 08:55:17,431 [INFO] - #13 0x7fad658846b5 <unknown>
2025-07-21 08:55:17,431 [INFO] - #14 0x7fad65884769 __libc_start_main
2025-07-21 08:55:17,431 [INFO] - #15 0x5595d86d98ea _start
2025-07-21 08:55:17,431 [INFO] - 
2025-07-21 08:55:17,431 [INFO] - Traceback (most recent call last):
2025-07-21 08:55:17,432 [INFO] - File "/home/lian/foreign/webs/EasyApplyBot/linkedineasyapply.py", line 609, in start_applying
2025-07-21 08:55:17,432 [INFO] - self.next_job_page(position_name, location_url, job_page_number)
2025-07-21 08:55:17,432 [INFO] - ~~~~~~~~~~~~~~~~~~^^^^^^^^^^^^^^^^^^^^^^^^^^^^^^^^^^^^^^^^^^^^^^
2025-07-21 08:55:17,432 [INFO] - File "/home/lian/foreign/webs/EasyApplyBot/linkedineasyapply.py", line 2036, in next_job_page
2025-07-21 08:55:17,432 [INFO] - self.browser.get("https://www.linkedin.com/jobs/search/" + self.base_search_url +
2025-07-21 08:55:17,432 [INFO] - ~~~~~~~~~~~~~~~~^^^^^^^^^^^^^^^^^^^^^^^^^^^^^^^^^^^^^^^^^^^^^^^^^^^^^^^^^^^^^^^^^
2025-07-21 08:55:17,433 [INFO] - "&keywords=" + position + location + "&start=" + str(job_page * 25))
2025-07-21 08:55:17,433 [INFO] - ^^^^^^^^^^^^^^^^^^^^^^^^^^^^^^^^^^^^^^^^^^^^^^^^^^^^^^^^^^^^^^^^^^^^
2025-07-21 08:55:17,433 [INFO] - File "/home/lian/foreign/webs/EasyApplyBot/venv/lib/python3.13/site-packages/selenium/webdriver/remote/webdriver.py", line 454, in get
2025-07-21 08:55:17,433 [INFO] - self.execute(Command.GET, {"url": url})
2025-07-21 08:55:17,433 [INFO] - ~~~~~~~~~~~~^^^^^^^^^^^^^^^^^^^^^^^^^^^
2025-07-21 08:55:17,433 [INFO] - File "/home/lian/foreign/webs/EasyApplyBot/venv/lib/python3.13/site-packages/selenium/webdriver/remote/webdriver.py", line 429, in execute
2025-07-21 08:55:17,433 [INFO] - self.error_handler.check_response(response)
2025-07-21 08:55:17,433 [INFO] - ~~~~~~~~~~~~~~~~~~~~~~~~~~~~~~~~~^^^^^^^^^^
2025-07-21 08:55:17,433 [INFO] - File "/home/lian/foreign/webs/EasyApplyBot/venv/lib/python3.13/site-packages/selenium/webdriver/remote/errorhandler.py", line 232, in check_response
2025-07-21 08:55:17,434 [INFO] - raise exception_class(message, screen, stacktrace)
2025-07-21 08:55:17,434 [INFO] - selenium.common.exceptions.InvalidSessionIdException: Message: invalid session id
2025-07-21 08:55:17,434 [INFO] - Stacktrace:
2025-07-21 08:55:17,434 [INFO] - #0 0x5595d8ca77da <unknown>
2025-07-21 08:55:17,434 [INFO] - #1 0x5595d874c133 <unknown>
2025-07-21 08:55:17,434 [INFO] - #2 0x5595d878f48f <unknown>
2025-07-21 08:55:17,434 [INFO] - #3 0x5595d87c37b6 <unknown>
2025-07-21 08:55:17,434 [INFO] - #4 0x5595d87be2c6 <unknown>
2025-07-21 08:55:17,434 [INFO] - #5 0x5595d87bd405 <unknown>
2025-07-21 08:55:17,435 [INFO] - #6 0x5595d87141a8 <unknown>
2025-07-21 08:55:17,435 [INFO] - #7 0x5595d8c6c72b <unknown>
2025-07-21 08:55:17,435 [INFO] - #8 0x5595d8c70534 <unknown>
2025-07-21 08:55:17,435 [INFO] - #9 0x5595d8c53229 <unknown>
2025-07-21 08:55:17,435 [INFO] - #10 0x5595d8c710d8 <unknown>
2025-07-21 08:55:17,435 [INFO] - #11 0x5595d8c3761f <unknown>
2025-07-21 08:55:17,435 [INFO] - #12 0x5595d8711fb2 <unknown>
2025-07-21 08:55:17,435 [INFO] - #13 0x7fad658846b5 <unknown>
2025-07-21 08:55:17,435 [INFO] - #14 0x7fad65884769 __libc_start_main
2025-07-21 08:55:17,436 [INFO] - #15 0x5595d86d98ea _start
2025-07-21 08:55:17,436 [INFO] - 
2025-07-21 08:55:17,442 [INFO] - An exception occurred while searching for location
2025-07-21 08:55:17,442 [INFO] - Searching for position 'Full stack engineer' in 'San Francisco' starting from page 2.
2025-07-21 08:55:17,442 [INFO] - Position 'Full stack engineer' @ 'San Francisco': Going to job page 1
2025-07-21 08:55:17,451 [INFO] - Error processing position 'Full stack engineer' in 'San Francisco': Message: invalid session id
2025-07-21 08:55:17,451 [INFO] - Stacktrace:
2025-07-21 08:55:17,451 [INFO] - #0 0x5595d8ca77da <unknown>
2025-07-21 08:55:17,451 [INFO] - #1 0x5595d874c133 <unknown>
2025-07-21 08:55:17,451 [INFO] - #2 0x5595d878f48f <unknown>
2025-07-21 08:55:17,451 [INFO] - #3 0x5595d87c37b6 <unknown>
2025-07-21 08:55:17,451 [INFO] - #4 0x5595d87be2c6 <unknown>
2025-07-21 08:55:17,452 [INFO] - #5 0x5595d87bd405 <unknown>
2025-07-21 08:55:17,452 [INFO] - #6 0x5595d87141a8 <unknown>
2025-07-21 08:55:17,452 [INFO] - #7 0x5595d8c6c72b <unknown>
2025-07-21 08:55:17,452 [INFO] - #8 0x5595d8c70534 <unknown>
2025-07-21 08:55:17,452 [INFO] - #9 0x5595d8c53229 <unknown>
2025-07-21 08:55:17,452 [INFO] - #10 0x5595d8c710d8 <unknown>
2025-07-21 08:55:17,453 [INFO] - #11 0x5595d8c3761f <unknown>
2025-07-21 08:55:17,453 [INFO] - #12 0x5595d8711fb2 <unknown>
2025-07-21 08:55:17,453 [INFO] - #13 0x7fad658846b5 <unknown>
2025-07-21 08:55:17,453 [INFO] - #14 0x7fad65884769 __libc_start_main
2025-07-21 08:55:17,453 [INFO] - #15 0x5595d86d98ea _start
2025-07-21 08:55:17,453 [INFO] - 
2025-07-21 08:55:17,453 [INFO] - Traceback (most recent call last):
2025-07-21 08:55:17,454 [INFO] - File "/home/lian/foreign/webs/EasyApplyBot/linkedineasyapply.py", line 609, in start_applying
2025-07-21 08:55:17,454 [INFO] - self.next_job_page(position_name, location_url, job_page_number)
2025-07-21 08:55:17,454 [INFO] - ~~~~~~~~~~~~~~~~~~^^^^^^^^^^^^^^^^^^^^^^^^^^^^^^^^^^^^^^^^^^^^^^
2025-07-21 08:55:17,454 [INFO] - File "/home/lian/foreign/webs/EasyApplyBot/linkedineasyapply.py", line 2036, in next_job_page
2025-07-21 08:55:17,454 [INFO] - self.browser.get("https://www.linkedin.com/jobs/search/" + self.base_search_url +
2025-07-21 08:55:17,454 [INFO] - ~~~~~~~~~~~~~~~~^^^^^^^^^^^^^^^^^^^^^^^^^^^^^^^^^^^^^^^^^^^^^^^^^^^^^^^^^^^^^^^^^
2025-07-21 08:55:17,455 [INFO] - "&keywords=" + position + location + "&start=" + str(job_page * 25))
2025-07-21 08:55:17,455 [INFO] - ^^^^^^^^^^^^^^^^^^^^^^^^^^^^^^^^^^^^^^^^^^^^^^^^^^^^^^^^^^^^^^^^^^^^
2025-07-21 08:55:17,455 [INFO] - File "/home/lian/foreign/webs/EasyApplyBot/venv/lib/python3.13/site-packages/selenium/webdriver/remote/webdriver.py", line 454, in get
2025-07-21 08:55:17,455 [INFO] - self.execute(Command.GET, {"url": url})
2025-07-21 08:55:17,455 [INFO] - ~~~~~~~~~~~~^^^^^^^^^^^^^^^^^^^^^^^^^^^
2025-07-21 08:55:17,455 [INFO] - File "/home/lian/foreign/webs/EasyApplyBot/venv/lib/python3.13/site-packages/selenium/webdriver/remote/webdriver.py", line 429, in execute
2025-07-21 08:55:17,455 [INFO] - self.error_handler.check_response(response)
2025-07-21 08:55:17,456 [INFO] - ~~~~~~~~~~~~~~~~~~~~~~~~~~~~~~~~~^^^^^^^^^^
2025-07-21 08:55:17,456 [INFO] - File "/home/lian/foreign/webs/EasyApplyBot/venv/lib/python3.13/site-packages/selenium/webdriver/remote/errorhandler.py", line 232, in check_response
2025-07-21 08:55:17,456 [INFO] - raise exception_class(message, screen, stacktrace)
2025-07-21 08:55:17,456 [INFO] - selenium.common.exceptions.InvalidSessionIdException: Message: invalid session id
2025-07-21 08:55:17,456 [INFO] - Stacktrace:
2025-07-21 08:55:17,456 [INFO] - #0 0x5595d8ca77da <unknown>
2025-07-21 08:55:17,456 [INFO] - #1 0x5595d874c133 <unknown>
2025-07-21 08:55:17,457 [INFO] - #2 0x5595d878f48f <unknown>
2025-07-21 08:55:17,457 [INFO] - #3 0x5595d87c37b6 <unknown>
2025-07-21 08:55:17,457 [INFO] - #4 0x5595d87be2c6 <unknown>
2025-07-21 08:55:17,457 [INFO] - #5 0x5595d87bd405 <unknown>
2025-07-21 08:55:17,457 [INFO] - #6 0x5595d87141a8 <unknown>
2025-07-21 08:55:17,457 [INFO] - #7 0x5595d8c6c72b <unknown>
2025-07-21 08:55:17,458 [INFO] - #8 0x5595d8c70534 <unknown>
2025-07-21 08:55:17,458 [INFO] - #9 0x5595d8c53229 <unknown>
2025-07-21 08:55:17,458 [INFO] - #10 0x5595d8c710d8 <unknown>
2025-07-21 08:55:17,458 [INFO] - #11 0x5595d8c3761f <unknown>
2025-07-21 08:55:17,458 [INFO] - #12 0x5595d8711fb2 <unknown>
2025-07-21 08:55:17,458 [INFO] - #13 0x7fad658846b5 <unknown>
2025-07-21 08:55:17,458 [INFO] - #14 0x7fad65884769 __libc_start_main
2025-07-21 08:55:17,458 [INFO] - #15 0x5595d86d98ea _start
2025-07-21 08:55:17,459 [INFO] - 
2025-07-21 08:55:17,459 [INFO] - All 'positionsWithCount' configurations have been processed.
2025-07-21 08:55:17,467 [INFO] - --- 用户 (配置: config.yaml) 的任务执行结束 ---
2025-07-21 08:57:23,395 [INFO] - Scheduler script started.
2025-07-21 08:57:23,395 [INFO] - User configs to be executed: ['config.yaml']
2025-07-21 08:57:23,396 [INFO] - Running the job once immediately for testing purposes.
2025-07-21 08:57:23,396 [INFO] - ====== Starting a new round of scheduled jobs (2025-07-21 08:57:23) ======
2025-07-21 08:57:23,396 [INFO] - --- Starting job for user (config: config.yaml) ---
2025-07-21 08:57:23,704 [INFO] - Chrome User Data Directory: /home/lian/foreign/webs/EasyApplyBot/chrome_bot
2025-07-21 08:57:23,704 [INFO] - 
2025-07-21 08:57:23,704 [INFO] - Step 1: Attempting to use System Chrome with version-matched ChromeDriver...
2025-07-21 08:57:23,704 [INFO] - Found system Chrome via shutil.which: /usr/bin/google-chrome
2025-07-21 08:57:23,705 [INFO] - Using System Chrome binary: /usr/bin/google-chrome
2025-07-21 08:57:23,705 [INFO] - CMD: Attempting to get Chrome version with command: /usr/bin/google-chrome --version
2025-07-21 08:57:23,766 [INFO] - CMD: Raw stdout: b'Google Chrome 138.0.7204.100 \n'
2025-07-21 08:57:23,766 [INFO] - CMD: Decoded output ('stdout, utf-8'): 'Google Chrome 138.0.7204.100'
2025-07-21 08:57:23,766 [INFO] - Detected System Chrome version: 138.0.7204.100. Attempting to get matching ChromeDriver via webdriver-manager.
2025-07-21 08:57:23,912 [INFO] - webdriver-manager: ChromeDriver for version 138.0.7204.100 installed at: /home/lian/.wdm/drivers/chromedriver/linux64/138.0.7204.100/chromedriver-linux64/chromedriver
2025-07-21 08:57:23,912 [INFO] - 
2025-07-21 08:57:23,912 [INFO] - Finalizing WebDriver Initialization...
2025-07-21 08:57:23,912 [INFO] - Effective Chrome Binary: /usr/bin/google-chrome
2025-07-21 08:57:23,912 [INFO] - Using ChromeDriver: /home/lian/.wdm/drivers/chromedriver/linux64/138.0.7204.100/chromedriver-linux64/chromedriver
2025-07-21 08:57:26,090 [INFO] - WebDriver initialized successfully!
2025-07-21 08:57:26,092 [INFO] - Using cloud AI services
2025-07-21 08:57:26,092 [INFO] - Successfully loaded 7 applied job records
2025-07-21 08:57:26,093 [INFO] - Duplicate application prevention enabled, currently tracking 7 applied jobs
2025-07-21 08:57:26,093 [INFO] - Configured to start from page 2
2025-07-21 08:57:26,093 [INFO] - Attempting to restore previous session...
2025-07-21 08:57:29,532 [INFO] - Feed page not loaded, proceeding to login.
2025-07-21 08:57:40,532 [INFO] - Timeout occurred, checking for security challenges...
2025-07-21 08:57:40,564 [INFO] - Detected 'positionsWithCount' configuration. Engaging new application logic...
2025-07-21 08:57:40,564 [INFO] - Processing position: 'Engineer' (Applied: 0, Limit: 2)
2025-07-21 08:57:44,056 [INFO] - An exception occurred while searching for location
2025-07-21 08:57:44,057 [INFO] - Searching for position 'Engineer' in 'United States' starting from page 2.
2025-07-21 08:57:44,057 [INFO] - Position 'Engineer' @ 'United States': Going to job page 1
2025-07-21 08:57:44,115 [INFO] - --- Finished job for user (config: config.yaml) ---
